<?xml version="1.0" encoding="UTF-8"?>
<testng-results skipped="0" failed="0" ignored="0" total="1" passed="1">
  <reporter-output>
  </reporter-output>
  <suite name="Surefire suite" duration-ms="92" started-at="2021-05-31T14:33:45 IST" finished-at="2021-05-31T14:33:45 IST">
    <groups>
    </groups>
    <test name="Surefire test" duration-ms="92" started-at="2021-05-31T14:33:45 IST" finished-at="2021-05-31T14:33:45 IST">
      <class name="HRM.Orange.AppTest">
        <test-method status="PASS" signature="testApp()[pri:0, instance:testApp(HRM.Orange.AppTest)]" name="testApp" duration-ms="13" started-at="2021-05-31T14:33:45 IST" finished-at="2021-05-31T14:33:45 IST">
          <reporter-output>
          </reporter-output>
        </test-method> <!-- testApp -->
      </class> <!-- HRM.Orange.AppTest -->
    </test> <!-- Surefire test -->
  </suite> <!-- Surefire suite -->
</testng-results>
