<?xml version="1.0" encoding="UTF-8"?>
<testng-results skipped="0" failed="0" ignored="0" total="3" passed="3">
  <reporter-output>
  </reporter-output>
  <suite name="Default suite" duration-ms="4702" started-at="2021-05-31T14:25:49 IST" finished-at="2021-05-31T14:25:53 IST">
    <groups>
    </groups>
    <test name="Default test" duration-ms="4702" started-at="2021-05-31T14:25:49 IST" finished-at="2021-05-31T14:25:53 IST">
      <class name="TestCases.ResetTest_O">
        <test-method status="PASS" signature="forgetpass()[pri:1, instance:TestCases.ResetTest_O@15f4d54]" name="forgetpass" duration-ms="1455" started-at="2021-05-31T14:25:49 IST" finished-at="2021-05-31T14:25:50 IST">
          <reporter-output>
          </reporter-output>
        </test-method> <!-- forgetpass -->
        <test-method status="PASS" signature="forgetpassSet()[pri:2, instance:TestCases.ResetTest_O@15f4d54]" name="forgetpassSet" duration-ms="1629" started-at="2021-05-31T14:25:50 IST" finished-at="2021-05-31T14:25:52 IST">
          <reporter-output>
          </reporter-output>
        </test-method> <!-- forgetpassSet -->
        <test-method status="PASS" signature="gback()[pri:3, instance:TestCases.ResetTest_O@15f4d54]" name="gback" duration-ms="1367" started-at="2021-05-31T14:25:52 IST" finished-at="2021-05-31T14:25:53 IST">
          <reporter-output>
          </reporter-output>
        </test-method> <!-- gback -->
      </class> <!-- TestCases.ResetTest_O -->
    </test> <!-- Default test -->
  </suite> <!-- Default suite -->
</testng-results>
