<?xml version="1.0" encoding="UTF-8"?>
<!-- Generated by org.testng.reporters.JUnitXMLReporter -->
<testsuite hostname="DESKTOP-8M0RT8Q" ignored="0" name="Test" tests="5" failures="0" timestamp="2021-05-31T21:15:25 IST" time="14.77" errors="0">
  <testcase name="forgetpass" time="1.27" classname="TestCases.ResetTest_O"/>
  <testcase name="forgetpassSet" time="2.509" classname="TestCases.ResetTest_O"/>
  <testcase name="gback" time="1.328" classname="TestCases.ResetTest_O"/>
  <testcase name="invalid_login" time="2.384" classname="TestCases.LoginTest_O"/>
  <testcase name="valid_login" time="7.021" classname="TestCases.LoginTest_O"/>
</testsuite> <!-- Test -->
