<?xml version="1.0" encoding="UTF-8"?>
<!-- Generated by org.testng.reporters.JUnitXMLReporter -->
<testsuite hostname="DESKTOP-8M0RT8Q" ignored="0" name="Default test" tests="3" failures="0" timestamp="2021-05-31T14:25:53 IST" time="4.702" errors="0">
  <testcase name="forgetpass" time="1.455" classname="TestCases.ResetTest_O"/>
  <testcase name="forgetpassSet" time="1.629" classname="TestCases.ResetTest_O"/>
  <testcase name="gback" time="1.367" classname="TestCases.ResetTest_O"/>
</testsuite> <!-- Default test -->
